{"/home/theo/andela-challenge/StackOverflow-lite/data/data.js":{"path":"/home/theo/andela-challenge/StackOverflow-lite/data/data.js","s":{"1":1,"2":1,"3":1,"4":1,"5":1,"6":1,"7":1,"8":1,"9":1,"10":1},"b":{"1":[0,1],"2":[1,1]},"f":{"1":1},"fnMap":{"1":{"name":"_interopRequireDefault","line":12,"loc":{"start":{"line":12,"column":0},"end":{"line":12,"column":37}}}},"statementMap":{"1":{"start":{"line":3,"column":0},"end":{"line":5,"column":3}},"2":{"start":{"line":6,"column":0},"end":{"line":6,"column":25}},"3":{"start":{"line":8,"column":0},"end":{"line":8,"column":34}},"4":{"start":{"line":10,"column":0},"end":{"line":10,"column":49}},"5":{"start":{"line":12,"column":0},"end":{"line":12,"column":95}},"6":{"start":{"line":12,"column":39},"end":{"line":12,"column":93}},"7":{"start":{"line":14,"column":0},"end":{"line":14,"column":36}},"8":{"start":{"line":15,"column":0},"end":{"line":139,"column":3}},"9":{"start":{"line":141,"column":0},"end":{"line":177,"column":3}},"10":{"start":{"line":179,"column":0},"end":{"line":179,"column":20}}},"branchMap":{"1":{"line":12,"type":"cond-expr","locations":[{"start":{"line":12,"column":70},"end":{"line":12,"column":73}},{"start":{"line":12,"column":76},"end":{"line":12,"column":92}}]},"2":{"line":12,"type":"binary-expr","locations":[{"start":{"line":12,"column":46},"end":{"line":12,"column":49}},{"start":{"line":12,"column":53},"end":{"line":12,"column":67}}]}}},"/home/theo/andela-challenge/StackOverflow-lite/app.js":{"path":"/home/theo/andela-challenge/StackOverflow-lite/app.js","s":{"1":1,"2":1,"3":1,"4":1,"5":1,"6":1,"7":1,"8":1,"9":1,"10":1,"11":1,"12":1,"13":1,"14":1,"15":1,"16":5,"17":1,"18":1,"19":1,"20":1,"21":1,"22":1,"23":1,"24":1,"25":1,"26":1,"27":1,"28":1,"29":0,"30":1,"31":0,"32":0,"33":0,"34":0,"35":0,"36":1,"37":0,"38":1},"b":{"1":[0,5],"2":[5,5],"3":[0,0],"4":[0,0]},"f":{"1":5,"2":0,"3":0,"4":0},"fnMap":{"1":{"name":"_interopRequireDefault","line":32,"loc":{"start":{"line":32,"column":0},"end":{"line":32,"column":37}}},"2":{"name":"(anonymous_2)","line":52,"loc":{"start":{"line":52,"column":8},"end":{"line":52,"column":34}}},"3":{"name":"(anonymous_3)","line":57,"loc":{"start":{"line":57,"column":8},"end":{"line":57,"column":39}}},"4":{"name":"(anonymous_4)","line":69,"loc":{"start":{"line":69,"column":17},"end":{"line":69,"column":29}}}},"statementMap":{"1":{"start":{"line":3,"column":0},"end":{"line":5,"column":3}},"2":{"start":{"line":6,"column":0},"end":{"line":6,"column":24}},"3":{"start":{"line":8,"column":0},"end":{"line":8,"column":41}},"4":{"start":{"line":10,"column":0},"end":{"line":10,"column":55}},"5":{"start":{"line":12,"column":0},"end":{"line":12,"column":34}},"6":{"start":{"line":14,"column":0},"end":{"line":14,"column":49}},"7":{"start":{"line":16,"column":0},"end":{"line":16,"column":45}},"8":{"start":{"line":18,"column":0},"end":{"line":18,"column":59}},"9":{"start":{"line":20,"column":0},"end":{"line":20,"column":32}},"10":{"start":{"line":22,"column":0},"end":{"line":22,"column":47}},"11":{"start":{"line":24,"column":0},"end":{"line":24,"column":41}},"12":{"start":{"line":26,"column":0},"end":{"line":26,"column":55}},"13":{"start":{"line":28,"column":0},"end":{"line":28,"column":47}},"14":{"start":{"line":30,"column":0},"end":{"line":30,"column":39}},"15":{"start":{"line":32,"column":0},"end":{"line":32,"column":95}},"16":{"start":{"line":32,"column":39},"end":{"line":32,"column":93}},"17":{"start":{"line":34,"column":0},"end":{"line":34,"column":35}},"18":{"start":{"line":36,"column":0},"end":{"line":36,"column":38}},"19":{"start":{"line":39,"column":0},"end":{"line":39,"column":61}},"20":{"start":{"line":40,"column":0},"end":{"line":40,"column":37}},"21":{"start":{"line":41,"column":0},"end":{"line":41,"column":65}},"22":{"start":{"line":43,"column":0},"end":{"line":43,"column":39}},"23":{"start":{"line":45,"column":0},"end":{"line":45,"column":40}},"24":{"start":{"line":46,"column":0},"end":{"line":46,"column":37}},"25":{"start":{"line":47,"column":0},"end":{"line":47,"column":40}},"26":{"start":{"line":48,"column":0},"end":{"line":48,"column":49}},"27":{"start":{"line":49,"column":0},"end":{"line":49,"column":52}},"28":{"start":{"line":52,"column":0},"end":{"line":54,"column":3}},"29":{"start":{"line":53,"column":2},"end":{"line":53,"column":39}},"30":{"start":{"line":57,"column":0},"end":{"line":66,"column":3}},"31":{"start":{"line":59,"column":2},"end":{"line":59,"column":35}},"32":{"start":{"line":60,"column":2},"end":{"line":60,"column":89}},"33":{"start":{"line":63,"column":2},"end":{"line":63,"column":32}},"34":{"start":{"line":64,"column":2},"end":{"line":64,"column":20}},"35":{"start":{"line":65,"column":2},"end":{"line":65,"column":9}},"36":{"start":{"line":69,"column":0},"end":{"line":71,"column":3}},"37":{"start":{"line":70,"column":2},"end":{"line":70,"column":50}},"38":{"start":{"line":73,"column":0},"end":{"line":73,"column":18}}},"branchMap":{"1":{"line":32,"type":"cond-expr","locations":[{"start":{"line":32,"column":70},"end":{"line":32,"column":73}},{"start":{"line":32,"column":76},"end":{"line":32,"column":92}}]},"2":{"line":32,"type":"binary-expr","locations":[{"start":{"line":32,"column":46},"end":{"line":32,"column":49}},{"start":{"line":32,"column":53},"end":{"line":32,"column":67}}]},"3":{"line":60,"type":"cond-expr","locations":[{"start":{"line":60,"column":60},"end":{"line":60,"column":63}},{"start":{"line":60,"column":66},"end":{"line":60,"column":88}}]},"4":{"line":63,"type":"binary-expr","locations":[{"start":{"line":63,"column":13},"end":{"line":63,"column":23}},{"start":{"line":63,"column":27},"end":{"line":63,"column":30}}]}}},"/home/theo/andela-challenge/StackOverflow-lite/routes/questions.js":{"path":"/home/theo/andela-challenge/StackOverflow-lite/routes/questions.js","s":{"1":1,"2":1,"3":1,"4":1,"5":1,"6":1,"7":1,"8":1,"9":1,"10":1,"11":0,"12":1,"13":1,"14":1,"15":1,"16":1,"17":1,"18":1,"19":3,"20":3,"21":13,"22":2,"23":3,"24":2,"25":1,"26":1,"27":1,"28":2,"29":2,"30":2,"31":1,"32":1,"33":1,"34":1,"35":1,"36":1,"37":1,"38":1,"39":3,"40":3,"41":3,"42":3,"43":15,"44":2,"45":3,"46":1,"47":1,"48":2,"49":1,"50":1,"51":1,"52":1,"53":1,"54":1,"55":1,"56":1,"57":1},"b":{"1":[0,1],"2":[1,1],"3":[2,11],"4":[2,1],"5":[2,2,2],"6":[1,1],"7":[3,3,3],"8":[2,13],"9":[1,2],"10":[1,1]},"f":{"1":1,"2":0,"3":1,"4":1,"5":1,"6":3,"7":13,"8":2,"9":3,"10":15},"fnMap":{"1":{"name":"_interopRequireDefault","line":14,"loc":{"start":{"line":14,"column":0},"end":{"line":14,"column":37}}},"2":{"name":"(anonymous_2)","line":21,"loc":{"start":{"line":21,"column":24},"end":{"line":21,"column":44}}},"3":{"name":"(anonymous_3)","line":25,"loc":{"start":{"line":25,"column":33},"end":{"line":25,"column":53}}},"4":{"name":"(anonymous_4)","line":29,"loc":{"start":{"line":29,"column":26},"end":{"line":29,"column":46}}},"5":{"name":"(anonymous_5)","line":33,"loc":{"start":{"line":33,"column":36},"end":{"line":33,"column":56}}},"6":{"name":"(anonymous_6)","line":38,"loc":{"start":{"line":38,"column":51},"end":{"line":38,"column":71}}},"7":{"name":"(anonymous_7)","line":40,"loc":{"start":{"line":40,"column":38},"end":{"line":40,"column":58}}},"8":{"name":"(anonymous_8)","line":55,"loc":{"start":{"line":55,"column":37},"end":{"line":55,"column":57}}},"9":{"name":"(anonymous_9)","line":79,"loc":{"start":{"line":79,"column":60},"end":{"line":79,"column":80}}},"10":{"name":"(anonymous_10)","line":85,"loc":{"start":{"line":85,"column":38},"end":{"line":85,"column":58}}}},"statementMap":{"1":{"start":{"line":3,"column":0},"end":{"line":5,"column":3}},"2":{"start":{"line":6,"column":0},"end":{"line":6,"column":35}},"3":{"start":{"line":8,"column":0},"end":{"line":8,"column":34}},"4":{"start":{"line":10,"column":0},"end":{"line":10,"column":49}},"5":{"start":{"line":12,"column":0},"end":{"line":12,"column":36}},"6":{"start":{"line":14,"column":0},"end":{"line":14,"column":95}},"7":{"start":{"line":14,"column":39},"end":{"line":14,"column":93}},"8":{"start":{"line":16,"column":0},"end":{"line":16,"column":48}},"9":{"start":{"line":18,"column":0},"end":{"line":18,"column":37}},"10":{"start":{"line":21,"column":0},"end":{"line":23,"column":3}},"11":{"start":{"line":22,"column":2},"end":{"line":22,"column":22}},"12":{"start":{"line":25,"column":0},"end":{"line":27,"column":3}},"13":{"start":{"line":26,"column":2},"end":{"line":26,"column":22}},"14":{"start":{"line":29,"column":0},"end":{"line":31,"column":3}},"15":{"start":{"line":30,"column":2},"end":{"line":30,"column":22}},"16":{"start":{"line":33,"column":0},"end":{"line":35,"column":3}},"17":{"start":{"line":34,"column":2},"end":{"line":34,"column":22}},"18":{"start":{"line":38,"column":0},"end":{"line":52,"column":3}},"19":{"start":{"line":39,"column":2},"end":{"line":39,"column":32}},"20":{"start":{"line":40,"column":2},"end":{"line":44,"column":5}},"21":{"start":{"line":41,"column":4},"end":{"line":43,"column":5}},"22":{"start":{"line":42,"column":6},"end":{"line":42,"column":18}},"23":{"start":{"line":46,"column":2},"end":{"line":51,"column":3}},"24":{"start":{"line":47,"column":4},"end":{"line":47,"column":30}},"25":{"start":{"line":49,"column":4},"end":{"line":49,"column":20}},"26":{"start":{"line":50,"column":4},"end":{"line":50,"column":53}},"27":{"start":{"line":55,"column":0},"end":{"line":76,"column":3}},"28":{"start":{"line":56,"column":2},"end":{"line":56,"column":25}},"29":{"start":{"line":58,"column":2},"end":{"line":58,"column":97}},"30":{"start":{"line":59,"column":2},"end":{"line":75,"column":3}},"31":{"start":{"line":60,"column":4},"end":{"line":60,"column":20}},"32":{"start":{"line":61,"column":4},"end":{"line":61,"column":70}},"33":{"start":{"line":63,"column":4},"end":{"line":63,"column":55}},"34":{"start":{"line":64,"column":4},"end":{"line":64,"column":29}},"35":{"start":{"line":65,"column":4},"end":{"line":65,"column":40}},"36":{"start":{"line":66,"column":4},"end":{"line":73,"column":7}},"37":{"start":{"line":74,"column":4},"end":{"line":74,"column":108}},"38":{"start":{"line":79,"column":0},"end":{"line":111,"column":3}},"39":{"start":{"line":80,"column":2},"end":{"line":80,"column":25}},"40":{"start":{"line":81,"column":2},"end":{"line":81,"column":32}},"41":{"start":{"line":82,"column":2},"end":{"line":82,"column":94}},"42":{"start":{"line":85,"column":2},"end":{"line":89,"column":5}},"43":{"start":{"line":86,"column":4},"end":{"line":88,"column":5}},"44":{"start":{"line":87,"column":6},"end":{"line":87,"column":18}},"45":{"start":{"line":91,"column":2},"end":{"line":110,"column":3}},"46":{"start":{"line":92,"column":4},"end":{"line":92,"column":20}},"47":{"start":{"line":93,"column":4},"end":{"line":93,"column":66}},"48":{"start":{"line":94,"column":9},"end":{"line":110,"column":3}},"49":{"start":{"line":95,"column":4},"end":{"line":95,"column":20}},"50":{"start":{"line":96,"column":4},"end":{"line":96,"column":67}},"51":{"start":{"line":98,"column":4},"end":{"line":98,"column":42}},"52":{"start":{"line":99,"column":4},"end":{"line":99,"column":51}},"53":{"start":{"line":100,"column":4},"end":{"line":100,"column":29}},"54":{"start":{"line":101,"column":4},"end":{"line":101,"column":40}},"55":{"start":{"line":102,"column":4},"end":{"line":108,"column":7}},"56":{"start":{"line":109,"column":4},"end":{"line":109,"column":106}},"57":{"start":{"line":113,"column":0},"end":{"line":113,"column":40}}},"branchMap":{"1":{"line":14,"type":"cond-expr","locations":[{"start":{"line":14,"column":70},"end":{"line":14,"column":73}},{"start":{"line":14,"column":76},"end":{"line":14,"column":92}}]},"2":{"line":14,"type":"binary-expr","locations":[{"start":{"line":14,"column":46},"end":{"line":14,"column":49}},{"start":{"line":14,"column":53},"end":{"line":14,"column":67}}]},"3":{"line":41,"type":"if","locations":[{"start":{"line":41,"column":4},"end":{"line":41,"column":4}},{"start":{"line":41,"column":4},"end":{"line":41,"column":4}}]},"4":{"line":46,"type":"if","locations":[{"start":{"line":46,"column":2},"end":{"line":46,"column":2}},{"start":{"line":46,"column":2},"end":{"line":46,"column":2}}]},"5":{"line":58,"type":"binary-expr","locations":[{"start":{"line":58,"column":19},"end":{"line":58,"column":41}},{"start":{"line":58,"column":45},"end":{"line":58,"column":65}},{"start":{"line":58,"column":69},"end":{"line":58,"column":96}}]},"6":{"line":59,"type":"if","locations":[{"start":{"line":59,"column":2},"end":{"line":59,"column":2}},{"start":{"line":59,"column":2},"end":{"line":59,"column":2}}]},"7":{"line":82,"type":"binary-expr","locations":[{"start":{"line":82,"column":19},"end":{"line":82,"column":40}},{"start":{"line":82,"column":44},"end":{"line":82,"column":63}},{"start":{"line":82,"column":67},"end":{"line":82,"column":93}}]},"8":{"line":86,"type":"if","locations":[{"start":{"line":86,"column":4},"end":{"line":86,"column":4}},{"start":{"line":86,"column":4},"end":{"line":86,"column":4}}]},"9":{"line":91,"type":"if","locations":[{"start":{"line":91,"column":2},"end":{"line":91,"column":2}},{"start":{"line":91,"column":2},"end":{"line":91,"column":2}}]},"10":{"line":94,"type":"if","locations":[{"start":{"line":94,"column":9},"end":{"line":94,"column":9}},{"start":{"line":94,"column":9},"end":{"line":94,"column":9}}]}}},"/home/theo/andela-challenge/StackOverflow-lite/routes/users.js":{"path":"/home/theo/andela-challenge/StackOverflow-lite/routes/users.js","s":{"1":1,"2":1,"3":1,"4":1,"5":1,"6":1,"7":1,"8":1,"9":1,"10":0,"11":1,"12":0,"13":1,"14":0,"15":1,"16":0,"17":1},"b":{"1":[0,1],"2":[1,1]},"f":{"1":1,"2":0,"3":0,"4":0,"5":0},"fnMap":{"1":{"name":"_interopRequireDefault","line":14,"loc":{"start":{"line":14,"column":0},"end":{"line":14,"column":37}}},"2":{"name":"(anonymous_2)","line":18,"loc":{"start":{"line":18,"column":20},"end":{"line":18,"column":40}}},"3":{"name":"(anonymous_3)","line":22,"loc":{"start":{"line":22,"column":25},"end":{"line":22,"column":45}}},"4":{"name":"(anonymous_4)","line":26,"loc":{"start":{"line":26,"column":22},"end":{"line":26,"column":42}}},"5":{"name":"(anonymous_5)","line":30,"loc":{"start":{"line":30,"column":28},"end":{"line":30,"column":48}}}},"statementMap":{"1":{"start":{"line":3,"column":0},"end":{"line":5,"column":3}},"2":{"start":{"line":6,"column":0},"end":{"line":6,"column":31}},"3":{"start":{"line":8,"column":0},"end":{"line":8,"column":34}},"4":{"start":{"line":10,"column":0},"end":{"line":10,"column":49}},"5":{"start":{"line":12,"column":0},"end":{"line":12,"column":36}},"6":{"start":{"line":14,"column":0},"end":{"line":14,"column":95}},"7":{"start":{"line":14,"column":39},"end":{"line":14,"column":93}},"8":{"start":{"line":16,"column":0},"end":{"line":16,"column":44}},"9":{"start":{"line":18,"column":0},"end":{"line":20,"column":3}},"10":{"start":{"line":19,"column":2},"end":{"line":19,"column":29}},"11":{"start":{"line":22,"column":0},"end":{"line":24,"column":3}},"12":{"start":{"line":23,"column":2},"end":{"line":23,"column":29}},"13":{"start":{"line":26,"column":0},"end":{"line":28,"column":3}},"14":{"start":{"line":27,"column":2},"end":{"line":27,"column":29}},"15":{"start":{"line":30,"column":0},"end":{"line":32,"column":3}},"16":{"start":{"line":31,"column":2},"end":{"line":31,"column":29}},"17":{"start":{"line":34,"column":0},"end":{"line":34,"column":32}}},"branchMap":{"1":{"line":14,"type":"cond-expr","locations":[{"start":{"line":14,"column":70},"end":{"line":14,"column":73}},{"start":{"line":14,"column":76},"end":{"line":14,"column":92}}]},"2":{"line":14,"type":"binary-expr","locations":[{"start":{"line":14,"column":46},"end":{"line":14,"column":49}},{"start":{"line":14,"column":53},"end":{"line":14,"column":67}}]}}}}