TN:
SF:/home/theo/andela-challenge/StackOverflow-lite/data/data.js
FN:12,_interopRequireDefault
FNF:1
FNH:1
FNDA:1,_interopRequireDefault
DA:3,1
DA:6,1
DA:8,1
DA:10,1
DA:12,1
DA:14,1
DA:15,1
DA:141,1
DA:179,1
LF:9
LH:9
BRDA:12,1,0,0
BRDA:12,1,1,1
BRDA:12,2,0,1
BRDA:12,2,1,1
BRF:4
BRH:3
end_of_record
TN:
SF:/home/theo/andela-challenge/StackOverflow-lite/app.js
FN:32,_interopRequireDefault
FN:52,(anonymous_2)
FN:57,(anonymous_3)
FN:69,(anonymous_4)
FNF:4
FNH:1
FNDA:5,_interopRequireDefault
FNDA:0,(anonymous_2)
FNDA:0,(anonymous_3)
FNDA:0,(anonymous_4)
DA:3,1
DA:6,1
DA:8,1
DA:10,1
DA:12,1
DA:14,1
DA:16,1
DA:18,1
DA:20,1
DA:22,1
DA:24,1
DA:26,1
DA:28,1
DA:30,1
DA:32,5
DA:34,1
DA:36,1
DA:39,1
DA:40,1
DA:41,1
DA:43,1
DA:45,1
DA:46,1
DA:47,1
DA:48,1
DA:49,1
DA:52,1
DA:53,0
DA:57,1
DA:59,0
DA:60,0
DA:63,0
DA:64,0
DA:65,0
DA:69,1
DA:70,0
DA:73,1
LF:37
LH:30
BRDA:32,1,0,0
BRDA:32,1,1,5
BRDA:32,2,0,5
BRDA:32,2,1,5
BRDA:60,3,0,0
BRDA:60,3,1,0
BRDA:63,4,0,0
BRDA:63,4,1,0
BRF:8
BRH:3
end_of_record
TN:
SF:/home/theo/andela-challenge/StackOverflow-lite/routes/questions.js
FN:14,_interopRequireDefault
FN:21,(anonymous_2)
FN:25,(anonymous_3)
FN:29,(anonymous_4)
FN:33,(anonymous_5)
FN:38,(anonymous_6)
FN:40,(anonymous_7)
FN:55,(anonymous_8)
FN:79,(anonymous_9)
FN:85,(anonymous_10)
FNF:10
FNH:9
FNDA:1,_interopRequireDefault
FNDA:0,(anonymous_2)
FNDA:1,(anonymous_3)
FNDA:1,(anonymous_4)
FNDA:1,(anonymous_5)
FNDA:3,(anonymous_6)
FNDA:13,(anonymous_7)
FNDA:2,(anonymous_8)
FNDA:3,(anonymous_9)
FNDA:15,(anonymous_10)
DA:3,1
DA:6,1
DA:8,1
DA:10,1
DA:12,1
DA:14,1
DA:16,1
DA:18,1
DA:21,1
DA:22,0
DA:25,1
DA:26,1
DA:29,1
DA:30,1
DA:33,1
DA:34,1
DA:38,1
DA:39,3
DA:40,3
DA:41,13
DA:42,2
DA:46,3
DA:47,2
DA:49,1
DA:50,1
DA:55,1
DA:56,2
DA:58,2
DA:59,2
DA:60,1
DA:61,1
DA:63,1
DA:64,1
DA:65,1
DA:66,1
DA:74,1
DA:79,1
DA:80,3
DA:81,3
DA:82,3
DA:85,3
DA:86,15
DA:87,2
DA:91,3
DA:92,1
DA:93,1
DA:94,2
DA:95,1
DA:96,1
DA:98,1
DA:99,1
DA:100,1
DA:101,1
DA:102,1
DA:109,1
DA:113,1
LF:56
LH:55
BRDA:14,1,0,0
BRDA:14,1,1,1
BRDA:14,2,0,1
BRDA:14,2,1,1
BRDA:41,3,0,2
BRDA:41,3,1,11
BRDA:46,4,0,2
BRDA:46,4,1,1
BRDA:58,5,0,2
BRDA:58,5,1,2
BRDA:58,5,2,2
BRDA:59,6,0,1
BRDA:59,6,1,1
BRDA:82,7,0,3
BRDA:82,7,1,3
BRDA:82,7,2,3
BRDA:86,8,0,2
BRDA:86,8,1,13
BRDA:91,9,0,1
BRDA:91,9,1,2
BRDA:94,10,0,1
BRDA:94,10,1,1
BRF:22
BRH:21
end_of_record
TN:
SF:/home/theo/andela-challenge/StackOverflow-lite/routes/users.js
FN:14,_interopRequireDefault
FN:18,(anonymous_2)
FN:22,(anonymous_3)
FN:26,(anonymous_4)
FN:30,(anonymous_5)
FNF:5
FNH:1
FNDA:1,_interopRequireDefault
FNDA:0,(anonymous_2)
FNDA:0,(anonymous_3)
FNDA:0,(anonymous_4)
FNDA:0,(anonymous_5)
DA:3,1
DA:6,1
DA:8,1
DA:10,1
DA:12,1
DA:14,1
DA:16,1
DA:18,1
DA:19,0
DA:22,1
DA:23,0
DA:26,1
DA:27,0
DA:30,1
DA:31,0
DA:34,1
LF:16
LH:12
BRDA:14,1,0,0
BRDA:14,1,1,1
BRDA:14,2,0,1
BRDA:14,2,1,1
BRF:4
BRH:3
end_of_record
